#
# There is insufficient memory for the Java Runtime Environment to continue.
# Native memory allocation (mmap) failed to map 134217728 bytes for G1 virtual space
# Possible reasons:
#   The system is out of physical RAM or swap space
#   The process is running with CompressedOops enabled, and the Java Heap may be blocking the growth of the native heap
# Possible solutions:
#   Reduce memory load on the system
#   Increase physical memory or swap space
#   Check if swap backing store is full
#   Decrease Java heap size (-Xmx/-Xms)
#   Decrease number of Java threads
#   Decrease Java thread stack sizes (-Xss)
#   Set larger code cache with -XX:ReservedCodeCacheSize=
#   JVM is running with Unscaled Compressed Oops mode in which the Java heap is
#     placed in the first 4GB address space. The Java Heap base address is the
#     maximum limit for the native heap growth. Please use -XX:HeapBaseMinAddress
#     to set the Java Heap base and to place the Java Heap above 4GB virtual address.
# This output file may be truncated or incomplete.
#
#  Out of Memory Error (os_windows.cpp:3548), pid=17988, tid=17892
#
# JRE version:  (17.0.5+8) (build )
# Java VM: OpenJDK 64-Bit Server VM (17.0.5+8, mixed mode, sharing, tiered, compressed oops, compressed class ptrs, g1 gc, windows-amd64)
# No core dump will be written. Minidumps are not enabled by default on client versions of Windows
#

---------------  S U M M A R Y ------------

Command Line: -Dfile.encoding=UTF-8 -XX:+ShowCodeDetailsInExceptionMessages PianoInclinato

Host: Intel(R) Core(TM) i5-6400 CPU @ 2.70GHz, 4 cores, 7G,  Windows 10 , 64 bit Build 17763 (10.0.17763.3287)
Time: Tue Dec 20 15:42:53 2022 ora solare Europa occidentale elapsed time: 0.015601 seconds (0d 0h 0m 0s)

---------------  T H R E A D  ---------------

Current thread (0x0000026a6e1ce070):  JavaThread "Unknown thread" [_thread_in_vm, id=17892, stack(0x000000b2e2a00000,0x000000b2e2b00000)]

Stack: [0x000000b2e2a00000,0x000000b2e2b00000]
Native frames: (J=compiled Java code, j=interpreted, Vv=VM code, C=native code)
V  [jvm.dll+0x676b3a]
V  [jvm.dll+0x831444]
V  [jvm.dll+0x832bee]
V  [jvm.dll+0x833253]
V  [jvm.dll+0x244ce5]
V  [jvm.dll+0x673a49]
V  [jvm.dll+0x66811a]
V  [jvm.dll+0x303ceb]
V  [jvm.dll+0x30b1e6]
V  [jvm.dll+0x35adbe]
V  [jvm.dll+0x35afef]
V  [jvm.dll+0x2dab88]
V  [jvm.dll+0x2dbaf4]
V  [jvm.dll+0x803121]
V  [jvm.dll+0x368bb1]
V  [jvm.dll+0x7e265c]
V  [jvm.dll+0x3eb17f]
V  [jvm.dll+0x3eccc1]
C  [jli.dll+0x5267]
C  [ucrtbase.dll+0x2268a]
C  [KERNEL32.DLL+0x17974]
C  [ntdll.dll+0x5a371]


---------------  P R O C E S S  ---------------

Threads class SMR info:
_java_thread_list=0x00007ffa64522f18, length=0, elements={
}

Java Threads: ( => current thread )

Other Threads:
  0x0000026a6e2772a0 GCTaskThread "GC Thread#0" [stack: 0x000000b2e2b00000,0x000000b2e2c00000] [id=14456]
  0x0000026a6e2c6010 ConcurrentGCThread "G1 Main Marker" [stack: 0x000000b2e2c00000,0x000000b2e2d00000] [id=17712]
  0x0000026a6e2c6a20 ConcurrentGCThread "G1 Conc#0" [stack: 0x000000b2e2d00000,0x000000b2e2e00000] [id=16596]

[error occurred during error reporting (printing all threads), id 0xc0000005, EXCEPTION_ACCESS_VIOLATION (0xc0000005) at pc=0x00007ffa63cfb617]

VM state: not at safepoint (not fully initialized)

VM Mutex/Monitor currently owned by a thread:  ([mutex/lock_event])
[0x0000026a6e1cb460] Heap_lock - owner thread: 0x0000026a6e1ce070

Heap address: 0x0000000081800000, size: 2024 MB, Compressed Oops mode: 32-bit

CDS archive(s) mapped at: [0x0000000000000000-0x0000000000000000-0x0000000000000000), size 0, SharedBaseAddress: 0x0000000800000000, ArchiveRelocationMode: 0.
Narrow klass base: 0x0000000000000000, Narrow klass shift: 0, Narrow klass range: 0x0

GC Precious Log:
<Empty>

Heap:
 garbage-first heap   total 0K, used 0K [0x0000000081800000, 0x0000000100000000)
  region size 1024K, 0 young (0K), 0 survivors (0K)

[error occurred during error reporting (printing heap information), id 0xc0000005, EXCEPTION_ACCESS_VIOLATION (0xc0000005) at pc=0x00007ffa640dfcb9]

GC Heap History (0 events):
No events

Dll operation events (1 events):
Event: 0.008 Loaded shared library C:\Users\santufe\Desktop\eclipse\plugins\org.eclipse.justj.openjdk.hotspot.jre.full.win32.x86_64_17.0.5.v20221102-0933\jre\bin\java.dll

Deoptimization events (0 events):
No events

Classes unloaded (0 events):
No events

Classes redefined (0 events):
No events

Internal exceptions (0 events):
No events

VM Operations (0 events):
No events

Events (0 events):
No events


Dynamic libraries:
0x00007ff7a7c60000 - 0x00007ff7a7c6e000 	C:\Users\santufe\Desktop\eclipse\plugins\org.eclipse.justj.openjdk.hotspot.jre.full.win32.x86_64_17.0.5.v20221102-0933\jre\bin\javaw.exe
0x00007ffaa12f0000 - 0x00007ffaa14de000 	C:\WINDOWS\SYSTEM32\ntdll.dll
0x00007ffaa05b0000 - 0x00007ffaa0663000 	C:\WINDOWS\System32\KERNEL32.DLL
0x00007ffa9d7a0000 - 0x00007ffa9da3d000 	C:\WINDOWS\System32\KERNELBASE.dll
0x00007ffa9e3d0000 - 0x00007ffa9e4ca000 	C:\WINDOWS\System32\ucrtbase.dll
0x00007ffa9b4a0000 - 0x00007ffa9b4b7000 	C:\Users\santufe\Desktop\eclipse\plugins\org.eclipse.justj.openjdk.hotspot.jre.full.win32.x86_64_17.0.5.v20221102-0933\jre\bin\jli.dll
0x00007ffaa09a0000 - 0x00007ffaa0b38000 	C:\WINDOWS\System32\USER32.dll
0x00007ffa9d410000 - 0x00007ffa9d430000 	C:\WINDOWS\System32\win32u.dll
0x00007ffa9e5d0000 - 0x00007ffa9e5f9000 	C:\WINDOWS\System32\GDI32.dll
0x00007ffa9dae0000 - 0x00007ffa9dc80000 	C:\WINDOWS\System32\gdi32full.dll
0x00007ffa9da40000 - 0x00007ffa9dae0000 	C:\WINDOWS\System32\msvcp_win.dll
0x00007ffa983d0000 - 0x00007ffa983e9000 	C:\Users\santufe\Desktop\eclipse\plugins\org.eclipse.justj.openjdk.hotspot.jre.full.win32.x86_64_17.0.5.v20221102-0933\jre\bin\VCRUNTIME140.dll
0x00007ffa8e920000 - 0x00007ffa8eb99000 	C:\WINDOWS\WinSxS\amd64_microsoft.windows.common-controls_6595b64144ccf1df_6.0.17763.3532_none_de70b8e0534bb89d\COMCTL32.dll
0x00007ffa9e530000 - 0x00007ffa9e5ce000 	C:\WINDOWS\System32\msvcrt.dll
0x00007ffaa0b40000 - 0x00007ffaa0e6b000 	C:\WINDOWS\System32\combase.dll
0x00007ffaa0f60000 - 0x00007ffaa107d000 	C:\WINDOWS\System32\RPCRT4.dll
0x00007ffa9d430000 - 0x00007ffa9d4b2000 	C:\WINDOWS\System32\bcryptPrimitives.dll
0x00007ffa9e600000 - 0x00007ffa9e62e000 	C:\WINDOWS\System32\IMM32.DLL
0x00007ffa9a1e0000 - 0x00007ffa9a1ec000 	C:\Users\santufe\Desktop\eclipse\plugins\org.eclipse.justj.openjdk.hotspot.jre.full.win32.x86_64_17.0.5.v20221102-0933\jre\bin\vcruntime140_1.dll
0x00007ffa98330000 - 0x00007ffa983c1000 	C:\Users\santufe\Desktop\eclipse\plugins\org.eclipse.justj.openjdk.hotspot.jre.full.win32.x86_64_17.0.5.v20221102-0933\jre\bin\msvcp140.dll
0x00007ffa63a10000 - 0x00007ffa64654000 	C:\Users\santufe\Desktop\eclipse\plugins\org.eclipse.justj.openjdk.hotspot.jre.full.win32.x86_64_17.0.5.v20221102-0933\jre\bin\server\jvm.dll
0x00007ffa9ecd0000 - 0x00007ffa9ed77000 	C:\WINDOWS\System32\ADVAPI32.dll
0x00007ffa9ec30000 - 0x00007ffa9eccf000 	C:\WINDOWS\System32\sechost.dll
0x00007ffa90c40000 - 0x00007ffa90c64000 	C:\WINDOWS\SYSTEM32\WINMM.dll
0x00007ffa9a1f0000 - 0x00007ffa9a1f9000 	C:\WINDOWS\SYSTEM32\WSOCK32.dll
0x00007ffa9ed80000 - 0x00007ffa9eded000 	C:\WINDOWS\System32\WS2_32.dll
0x00007ffa97190000 - 0x00007ffa9719a000 	C:\WINDOWS\SYSTEM32\VERSION.dll
0x00007ffa90bb0000 - 0x00007ffa90bdd000 	C:\WINDOWS\SYSTEM32\winmmbase.dll
0x00007ffa9e4d0000 - 0x00007ffa9e51a000 	C:\WINDOWS\System32\cfgmgr32.dll
0x00007ffa9d2b0000 - 0x00007ffa9d2c1000 	C:\WINDOWS\System32\kernel.appcore.dll
0x00007ffa98c90000 - 0x00007ffa98c9a000 	C:\Users\santufe\Desktop\eclipse\plugins\org.eclipse.justj.openjdk.hotspot.jre.full.win32.x86_64_17.0.5.v20221102-0933\jre\bin\jimage.dll
0x00007ffa973d0000 - 0x00007ffa975bd000 	C:\WINDOWS\SYSTEM32\DBGHELP.DLL
0x00007ffa97210000 - 0x00007ffa9723a000 	C:\WINDOWS\SYSTEM32\dbgcore.DLL
0x00007ffa958e0000 - 0x00007ffa95905000 	C:\Users\santufe\Desktop\eclipse\plugins\org.eclipse.justj.openjdk.hotspot.jre.full.win32.x86_64_17.0.5.v20221102-0933\jre\bin\java.dll

dbghelp: loaded successfully - version: 4.0.5 - missing functions: none
symbol engine: initialized successfully - sym options: 0x614 - pdb path: .;C:\Users\santufe\Desktop\eclipse\plugins\org.eclipse.justj.openjdk.hotspot.jre.full.win32.x86_64_17.0.5.v20221102-0933\jre\bin;C:\WINDOWS\SYSTEM32;C:\WINDOWS\WinSxS\amd64_microsoft.windows.common-controls_6595b64144ccf1df_6.0.17763.3532_none_de70b8e0534bb89d;C:\Users\santufe\Desktop\eclipse\plugins\org.eclipse.justj.openjdk.hotspot.jre.full.win32.x86_64_17.0.5.v20221102-0933\jre\bin\server

VM Arguments:
jvm_args: -Dfile.encoding=UTF-8 -XX:+ShowCodeDetailsInExceptionMessages 
java_command: PianoInclinato
java_class_path (initial): C:\Users\santufe\eclipse-workspace\PianoInclinato\bin
Launcher Type: SUN_STANDARD

[Global flags]
     intx CICompilerCount                          = 3                                         {product} {ergonomic}
     uint ConcGCThreads                            = 1                                         {product} {ergonomic}
     uint G1ConcRefinementThreads                  = 4                                         {product} {ergonomic}
   size_t G1HeapRegionSize                         = 1048576                                   {product} {ergonomic}
    uintx GCDrainStackTargetSize                   = 64                                        {product} {ergonomic}
   size_t InitialHeapSize                          = 134217728                                 {product} {ergonomic}
   size_t MarkStackSize                            = 4194304                                   {product} {ergonomic}
   size_t MaxHeapSize                              = 2122317824                                {product} {ergonomic}
   size_t MinHeapDeltaBytes                        = 1048576                                   {product} {ergonomic}
   size_t MinHeapSize                              = 8388608                                   {product} {ergonomic}
    uintx NonNMethodCodeHeapSize                   = 5832780                                {pd product} {ergonomic}
    uintx NonProfiledCodeHeapSize                  = 122912730                              {pd product} {ergonomic}
    uintx ProfiledCodeHeapSize                     = 122912730                              {pd product} {ergonomic}
    uintx ReservedCodeCacheSize                    = 251658240                              {pd product} {ergonomic}
     bool SegmentedCodeCache                       = true                                      {product} {ergonomic}
     bool ShowCodeDetailsInExceptionMessages       = true                                   {manageable} {command line}
   size_t SoftMaxHeapSize                          = 2122317824                             {manageable} {ergonomic}
     bool UseCompressedClassPointers               = true                           {product lp64_product} {ergonomic}
     bool UseCompressedOops                        = true                           {product lp64_product} {ergonomic}
     bool UseG1GC                                  = true                                      {product} {ergonomic}
     bool UseLargePagesIndividualAllocation        = false                                  {pd product} {ergonomic}

Logging:
Log output configuration:
 #0: stdout all=warning uptime,level,tags
 #1: stderr all=off uptime,level,tags

Environment Variables:
PATH=C:/Users/santufe/Desktop/eclipse//plugins/org.eclipse.justj.openjdk.hotspot.jre.full.win32.x86_64_17.0.5.v20221102-0933/jre/bin/server;C:/Users/santufe/Desktop/eclipse//plugins/org.eclipse.justj.openjdk.hotspot.jre.full.win32.x86_64_17.0.5.v20221102-0933/jre/bin;C:\Program Files (x86)\VMware\VMware Player\bin\;C:\Program Files\Common Files\Siemens\Automation\Simatic OAM\bin;C:\PROGRA~2\Borland\CBUILD~1\Projects\Bpl;C:\PROGRA~2\Borland\CBUILD~1\Bin;C:\WINDOWS\system32;C:\WINDOWS;C:\WINDOWS\System32\Wbem;C:\WINDOWS\System32\WindowsPowerShell\v1.0\;C:\WINDOWS\System32\OpenSSH\;C:\Program Files\PuTTY\;c:\RIDE\Bin;C:\Program Files (x86)\Microsoft SQL Server\Client SDK\ODBC\110\Tools\Binn\;C:\Program Files (x86)\Microsoft SQL Server\120\Tools\Binn\;C:\Program Files (x86)\Microsoft SQL Server\120\DTS\Binn\;C:\Program Files (x86)\IVI Foundation\VISA\WinNT\Bin\;C:\Program Files\IVI Foundation\VISA\Win64\Bin\;C:\Users\santufe\AppData\Local\Microsoft\WindowsApps;;C:\Users\santufe\Desktop\eclipse;
USERNAME=santufe
OS=Windows_NT
PROCESSOR_IDENTIFIER=Intel64 Family 6 Model 94 Stepping 3, GenuineIntel
TMP=C:\Users\santufe\AppData\Local\Temp
TEMP=C:\Users\santufe\AppData\Local\Temp



---------------  S Y S T E M  ---------------

OS:
 Windows 10 , 64 bit Build 17763 (10.0.17763.3287)
OS uptime: 28 days 1:29 hours

CPU: total 4 (initial active 4) (4 cores per cpu, 1 threads per core) family 6 model 94 stepping 3 microcode 0xd6, cx8, cmov, fxsr, mmx, 3dnowpref, sse, sse2, sse3, ssse3, sse4.1, sse4.2, popcnt, lzcnt, tsc, tscinvbit, avx, avx2, aes, erms, clmul, bmi1, bmi2, adx, fma, vzeroupper, clflush, clflushopt

Memory: 4k page, system-wide physical 8088M (1492M free)
TotalPageFile size 22314M (AvailPageFile size 66M)
current process WorkingSet (physical memory assigned to process): 10M, peak: 10M
current process commit charge ("private bytes"): 52M, peak: 180M

vm_info: OpenJDK 64-Bit Server VM (17.0.5+8) for windows-amd64 JRE (17.0.5+8), built on Oct 19 2022 04:48:13 by "temurin" with MS VC++ 16.7 (VS2019)

END.
